execve("build/meter.o", ["build/meter.o"], 0x7ffc55d30ae0 /* 54 vars */) = 0
brk(NULL)                               = 0x5594205e3000
mmap(NULL, 8192, PROT_READ|PROT_WRITE, MAP_PRIVATE|MAP_ANONYMOUS, -1, 0) = 0x7f6b23dfd000
access("/etc/ld.so.preload", R_OK)      = -1 ENOENT (No such file or directory)
openat(AT_FDCWD, "/etc/ld.so.cache", O_RDONLY|O_CLOEXEC) = 3
newfstatat(3, "", {st_mode=S_IFREG|0644, st_size=71551, ...}, AT_EMPTY_PATH) = 0
mmap(NULL, 71551, PROT_READ, MAP_PRIVATE, 3, 0) = 0x7f6b23deb000
close(3)                                = 0
openat(AT_FDCWD, "/lib/x86_64-linux-gnu/libstdc++.so.6", O_RDONLY|O_CLOEXEC) = 3
read(3, "\177ELF\2\1\1\3\0\0\0\0\0\0\0\0\3\0>\0\1\0\0\0\0\0\0\0\0\0\0\0"..., 832) = 832
newfstatat(3, "", {st_mode=S_IFREG|0644, st_size=2190440, ...}, AT_EMPTY_PATH) = 0
mmap(NULL, 2201728, PROT_READ, MAP_PRIVATE|MAP_DENYWRITE, 3, 0) = 0x7f6b23a00000
mmap(0x7f6b23a99000, 1052672, PROT_READ|PROT_EXEC, MAP_PRIVATE|MAP_FIXED|MAP_DENYWRITE, 3, 0x99000) = 0x7f6b23a99000
mmap(0x7f6b23b9a000, 454656, PROT_READ, MAP_PRIVATE|MAP_FIXED|MAP_DENYWRITE, 3, 0x19a000) = 0x7f6b23b9a000
mmap(0x7f6b23c09000, 57344, PROT_READ|PROT_WRITE, MAP_PRIVATE|MAP_FIXED|MAP_DENYWRITE, 3, 0x209000) = 0x7f6b23c09000
mmap(0x7f6b23c17000, 10368, PROT_READ|PROT_WRITE, MAP_PRIVATE|MAP_FIXED|MAP_ANONYMOUS, -1, 0) = 0x7f6b23c17000
close(3)                                = 0
openat(AT_FDCWD, "/lib/x86_64-linux-gnu/libc.so.6", O_RDONLY|O_CLOEXEC) = 3
read(3, "\177ELF\2\1\1\3\0\0\0\0\0\0\0\0\3\0>\0\1\0\0\0\20t\2\0\0\0\0\0"..., 832) = 832
pread64(3, "\6\0\0\0\4\0\0\0@\0\0\0\0\0\0\0@\0\0\0\0\0\0\0@\0\0\0\0\0\0\0"..., 784, 64) = 784
newfstatat(3, "", {st_mode=S_IFREG|0755, st_size=1922136, ...}, AT_EMPTY_PATH) = 0
pread64(3, "\6\0\0\0\4\0\0\0@\0\0\0\0\0\0\0@\0\0\0\0\0\0\0@\0\0\0\0\0\0\0"..., 784, 64) = 784
mmap(NULL, 1970000, PROT_READ, MAP_PRIVATE|MAP_DENYWRITE, 3, 0) = 0x7f6b2381f000
mmap(0x7f6b23845000, 1396736, PROT_READ|PROT_EXEC, MAP_PRIVATE|MAP_FIXED|MAP_DENYWRITE, 3, 0x26000) = 0x7f6b23845000
mmap(0x7f6b2399a000, 339968, PROT_READ, MAP_PRIVATE|MAP_FIXED|MAP_DENYWRITE, 3, 0x17b000) = 0x7f6b2399a000
mmap(0x7f6b239ed000, 24576, PROT_READ|PROT_WRITE, MAP_PRIVATE|MAP_FIXED|MAP_DENYWRITE, 3, 0x1ce000) = 0x7f6b239ed000
mmap(0x7f6b239f3000, 53072, PROT_READ|PROT_WRITE, MAP_PRIVATE|MAP_FIXED|MAP_ANONYMOUS, -1, 0) = 0x7f6b239f3000
close(3)                                = 0
openat(AT_FDCWD, "/lib/x86_64-linux-gnu/libm.so.6", O_RDONLY|O_CLOEXEC) = 3
read(3, "\177ELF\2\1\1\3\0\0\0\0\0\0\0\0\3\0>\0\1\0\0\0\0\0\0\0\0\0\0\0"..., 832) = 832
newfstatat(3, "", {st_mode=S_IFREG|0644, st_size=911904, ...}, AT_EMPTY_PATH) = 0
mmap(NULL, 913680, PROT_READ, MAP_PRIVATE|MAP_DENYWRITE, 3, 0) = 0x7f6b23d0b000
mmap(0x7f6b23d1b000, 475136, PROT_READ|PROT_EXEC, MAP_PRIVATE|MAP_FIXED|MAP_DENYWRITE, 3, 0x10000) = 0x7f6b23d1b000
mmap(0x7f6b23d8f000, 368640, PROT_READ, MAP_PRIVATE|MAP_FIXED|MAP_DENYWRITE, 3, 0x84000) = 0x7f6b23d8f000
mmap(0x7f6b23de9000, 8192, PROT_READ|PROT_WRITE, MAP_PRIVATE|MAP_FIXED|MAP_DENYWRITE, 3, 0xdd000) = 0x7f6b23de9000
close(3)                                = 0
openat(AT_FDCWD, "/lib/x86_64-linux-gnu/libgcc_s.so.1", O_RDONLY|O_CLOEXEC) = 3
read(3, "\177ELF\2\1\1\0\0\0\0\0\0\0\0\0\3\0>\0\1\0\0\0\0\0\0\0\0\0\0\0"..., 832) = 832
newfstatat(3, "", {st_mode=S_IFREG|0644, st_size=125312, ...}, AT_EMPTY_PATH) = 0
mmap(NULL, 127688, PROT_READ, MAP_PRIVATE|MAP_DENYWRITE, 3, 0) = 0x7f6b23ceb000
mmap(0x7f6b23cee000, 94208, PROT_READ|PROT_EXEC, MAP_PRIVATE|MAP_FIXED|MAP_DENYWRITE, 3, 0x3000) = 0x7f6b23cee000
mmap(0x7f6b23d05000, 16384, PROT_READ, MAP_PRIVATE|MAP_FIXED|MAP_DENYWRITE, 3, 0x1a000) = 0x7f6b23d05000
mmap(0x7f6b23d09000, 8192, PROT_READ|PROT_WRITE, MAP_PRIVATE|MAP_FIXED|MAP_DENYWRITE, 3, 0x1d000) = 0x7f6b23d09000
close(3)                                = 0
mmap(NULL, 8192, PROT_READ|PROT_WRITE, MAP_PRIVATE|MAP_ANONYMOUS, -1, 0) = 0x7f6b23ce9000
arch_prctl(ARCH_SET_FS, 0x7f6b23cea440) = 0
set_tid_address(0x7f6b23cea710)         = 14662
set_robust_list(0x7f6b23cea720, 24)     = 0
rseq(0x7f6b23cead60, 0x20, 0, 0x53053053) = 0
mprotect(0x7f6b239ed000, 16384, PROT_READ) = 0
mprotect(0x7f6b23d09000, 4096, PROT_READ) = 0
mprotect(0x7f6b23de9000, 4096, PROT_READ) = 0
mmap(NULL, 8192, PROT_READ|PROT_WRITE, MAP_PRIVATE|MAP_ANONYMOUS, -1, 0) = 0x7f6b23ce7000
mprotect(0x7f6b23c09000, 45056, PROT_READ) = 0
mprotect(0x5593e2c87000, 4096, PROT_READ) = 0
mprotect(0x7f6b23e30000, 8192, PROT_READ) = 0
prlimit64(0, RLIMIT_STACK, NULL, {rlim_cur=8192*1024, rlim_max=RLIM64_INFINITY}) = 0
munmap(0x7f6b23deb000, 71551)           = 0
getrandom("\x99\xc6\x57\x13\x8e\x60\x48\x5e", 8, GRND_NONBLOCK) = 8
brk(NULL)                               = 0x5594205e3000
brk(0x559420604000)                     = 0x559420604000
futex(0x7f6b23c1773c, FUTEX_WAKE_PRIVATE, 2147483647) = 0
clock_nanosleep(CLOCK_REALTIME, 0, {tv_sec=10, tv_nsec=0}, 0x7ffc54504850) = 0
newfstatat(1, "", {st_mode=S_IFCHR|0620, st_rdev=makedev(0x88, 0x2), ...}, AT_EMPTY_PATH) = 0
write(1, "10 seconds has passed\n", 22) = 22
clock_nanosleep(CLOCK_REALTIME, 0, {tv_sec=10, tv_nsec=0}, 0x7ffc54504850) = 0
write(1, "20 seconds has passed\n", 22) = 22
clock_nanosleep(CLOCK_REALTIME, 0, {tv_sec=10, tv_nsec=0}, {tv_sec=6, tv_nsec=723903511}) = ? ERESTART_RESTARTBLOCK (Interrupted by signal)
strace: Process 14662 detached
